<?xml version="1.0" encoding="UTF-8"?>
<testng-results ignored="0" total="1" passed="1" failed="0" skipped="0">
  <reporter-output>
  </reporter-output>
  <suite started-at="2024-10-23T19:01:55 IST" name="Default suite" finished-at="2024-10-23T19:02:15 IST" duration-ms="20205">
    <groups>
    </groups>
    <test started-at="2024-10-23T19:01:55 IST" name="Default test" finished-at="2024-10-23T19:02:15 IST" duration-ms="20205">
      <class name="testCases.TC_001_RegisterAdmin">
        <test-method is-config="true" signature="setup()[pri:0, instance:testCases.TC_001_RegisterAdmin@235ecd9f]" started-at="2024-10-23T19:01:55 IST" name="setup" finished-at="2024-10-23T19:02:15 IST" duration-ms="19518" status="PASS">
          <reporter-output>
          </reporter-output>
        </test-method> <!-- setup -->
        <test-method signature="login()[pri:0, instance:testCases.TC_001_RegisterAdmin@235ecd9f]" started-at="2024-10-23T19:02:15 IST" name="login" finished-at="2024-10-23T19:02:15 IST" duration-ms="35" status="PASS">
          <reporter-output>
          </reporter-output>
        </test-method> <!-- login -->
        <test-method is-config="true" signature="tearDown()[pri:0, instance:testCases.TC_001_RegisterAdmin@235ecd9f]" started-at="2024-10-23T19:02:15 IST" name="tearDown" finished-at="2024-10-23T19:02:15 IST" duration-ms="552" status="PASS">
          <reporter-output>
          </reporter-output>
        </test-method> <!-- tearDown -->
      </class> <!-- testCases.TC_001_RegisterAdmin -->
    </test> <!-- Default test -->
  </suite> <!-- Default suite -->
</testng-results>
